PLINK v1.90b3.45 64-bit (13 Jan 2017)
Options in effect:
  --assoc
  --bfile hapmap1
  --out as1

Hostname: n7426
Working directory: /u/home/t/taykhoom/GWAS_Project/ZLAB-Research/HapMap_Tutorial
Start time: Sun Feb 21 11:40:21 2021

Random number seed: 1613936421
192461 MB RAM detected; reserving 96230 MB for main workspace.
Allocated 22835 MB successfully, after larger attempt(s) failed.
83534 variants loaded from .bim file.
89 people (89 males, 0 females) loaded from .fam.
89 phenotype values loaded from .fam.
Using 1 thread (no multithreaded calculations invoked).
Before main variant filters, 89 founders and 0 nonfounders present.
Calculating allele frequencies... done.
Total genotyping rate is 0.99441.
83534 variants and 89 people pass filters and QC.
Among remaining phenotypes, 44 are cases and 45 are controls.
Writing C/C --assoc report to as1.assoc ... done.

End time: Sun Feb 21 11:40:21 2021
