PLINK v1.90b3.45 64-bit (13 Jan 2017)
Options in effect:
  --bfile hapmap1
  --freq
  --out freq_stat
  --within pop.phe

Hostname: n7426
Working directory: /u/home/t/taykhoom/GWAS_Project/ZLAB-Research/HapMap_Tutorial
Start time: Sun Feb 21 11:35:52 2021

Random number seed: 1613936152
192461 MB RAM detected; reserving 96230 MB for main workspace.
Allocated 22835 MB successfully, after larger attempt(s) failed.
83534 variants loaded from .bim file.
89 people (89 males, 0 females) loaded from .fam.
89 phenotype values loaded from .fam.
--within: 2 clusters loaded, covering a total of 89 people.
Using 1 thread (no multithreaded calculations invoked).
Before main variant filters, 89 founders and 0 nonfounders present.
Calculating allele frequencies... done.
Total genotyping rate is 0.99441.
--freq: Cluster-stratified allele frequencies (founders only) written to
freq_stat.frq.strat .

End time: Sun Feb 21 11:35:52 2021
