PLINK v1.90b3.45 64-bit (13 Jan 2017)
Options in effect:
  --file hapmap1
  --make-bed
  --out hapmap1

Hostname: n7426
Working directory: /u/home/t/taykhoom/GWAS_Project/ZLAB-Research/HapMap_Tutorial
Start time: Sun Feb 21 11:12:47 2021

Random number seed: 1613934767
192461 MB RAM detected; reserving 96230 MB for main workspace.
Allocated 22835 MB successfully, after larger attempt(s) failed.
Scanning .ped file... done.
Performing single-pass .bed write (83534 variants, 89 people).
--file: hapmap1-temporary.bed + hapmap1-temporary.bim + hapmap1-temporary.fam
written.
83534 variants loaded from .bim file.
89 people (89 males, 0 females) loaded from .fam.
89 phenotype values loaded from .fam.
Using 1 thread (no multithreaded calculations invoked).
Before main variant filters, 89 founders and 0 nonfounders present.
Calculating allele frequencies... done.
Total genotyping rate is 0.99441.
83534 variants and 89 people pass filters and QC.
Among remaining phenotypes, 44 are cases and 45 are controls.
--make-bed to hapmap1.bed + hapmap1.bim + hapmap1.fam ... done.

End time: Sun Feb 21 11:12:48 2021
