PLINK v1.90b3.45 64-bit (13 Jan 2017)
Options in effect:
  --bfile hapmap1
  --model
  --out mod1
  --snp rs2222162

Hostname: n7426
Working directory: /u/home/t/taykhoom/GWAS_Project/ZLAB-Research/HapMap_Tutorial
Start time: Sun Feb 21 11:53:37 2021

Random number seed: 1613937217
192461 MB RAM detected; reserving 96230 MB for main workspace.
Allocated 22835 MB successfully, after larger attempt(s) failed.
1 out of 83534 variants loaded from .bim file.
89 people (89 males, 0 females) loaded from .fam.
89 phenotype values loaded from .fam.
Using 1 thread (no multithreaded calculations invoked).
Before main variant filters, 89 founders and 0 nonfounders present.
Calculating allele frequencies... done.
1 variant and 89 people pass filters and QC.
Among remaining phenotypes, 44 are cases and 45 are controls.
Writing --model report to mod1.model ... done.

End time: Sun Feb 21 11:53:37 2021
