PLINK v1.90b3.45 64-bit (13 Jan 2017)
Options in effect:
  --bfile hapmap1
  --cluster
  --mc 2
  --out str1
  --ppc 0.05

Hostname: n7426
Working directory: /u/home/t/taykhoom/GWAS_Project/ZLAB-Research/HapMap_Tutorial
Start time: Sun Feb 21 12:01:23 2021

Random number seed: 1613937683
192461 MB RAM detected; reserving 96230 MB for main workspace.
Allocated 22835 MB successfully, after larger attempt(s) failed.
83534 variants loaded from .bim file.
89 people (89 males, 0 females) loaded from .fam.
89 phenotype values loaded from .fam.
Using up to 35 threads (change this with --threads).
Before main variant filters, 89 founders and 0 nonfounders present.
Calculating allele frequencies... done.
Total genotyping rate is 0.99441.
83534 variants and 89 people pass filters and QC.
Among remaining phenotypes, 44 are cases and 45 are controls.
IBD calculations complete.
Clustering... done.
Cluster solution written to str1.cluster1 , str1.cluster2 , and str1.cluster3 .

End time: Sun Feb 21 12:01:23 2021
